<?xml version="1.0" encoding="UTF-8"?>
<beans xmlns="http://www.springframework.org/schema/beans"
	xmlns:xsi="http://www.w3.org/2001/XMLSchema-instance" xmlns:context="http://www.springframework.org/schema/context"
	xmlns:aop="http://www.springframework.org/schema/aop" xmlns:tx="http://www.springframework.org/schema/tx"
	xsi:schemaLocation="http://www.springframework.org/schema/beans 	http://www.springframework.org/schema/beans/spring-beans-3.0.xsd
						http://www.springframework.org/schema/context 	http://www.springframework.org/schema/context/spring-context-3.0.xsd
						http://www.springframework.org/schema/tx    	http://www.springframework.org/schema/tx/spring-tx-3.0.xsd
       					http://www.springframework.org/schema/aop       http://www.springframework.org/schema/aop/spring-aop-3.0.xsd">

<!-- 	<import resource="task-application.xml"/> -->
<!-- 	 <import resource="emailSender-context.xml"/> -->
	<tx:annotation-driven proxy-target-class="false"  transaction-manager="transactionManager"/>
	
	<context:component-scan base-package="com.fantagame.be.business.data.dao"/> 
	
	<bean class="org.springframework.orm.jpa.support.PersistenceAnnotationBeanPostProcessor" />
    <bean class="org.springframework.dao.annotation.PersistenceExceptionTranslationPostProcessor"/> 
    
	<bean id="dataSource" class="org.springframework.jdbc.datasource.DriverManagerDataSource">
		<property name="driverClassName" value="com.mysql.jdbc.Driver" />
		<property name="url" value="jdbc:mysql://localhost:3306/fantagame"></property>
		<property name="username" value="root"></property>
		<property name="password" value="83253"></property>
	</bean>
	
	
	<bean id="entityManagerFactory" class="org.springframework.orm.jpa.LocalContainerEntityManagerFactoryBean">
		<property name="dataSource" ref="dataSource"/>
    	<property name="persistenceUnitName" value="fantagame-jpa"/>        
        <property name="jpaVendorAdapter">
            <bean class="org.springframework.orm.jpa.vendor.HibernateJpaVendorAdapter" />
        </property>
    </bean>
    
    <bean id="transactionManager" class="org.springframework.orm.jpa.JpaTransactionManager">
        <property name="entityManagerFactory" ref="entityManagerFactory"/>
    </bean>

 	 <aop:config>
  	  	<aop:pointcut id="serviceMethods" expression="execution( * com.fantagame.be.business.data.dao.jpa.*.*(..))"/>
 	  	<aop:advisor advice-ref="txAdvice" pointcut-ref="serviceMethods"/>
 	 </aop:config>
    
   	<tx:advice id="txAdvice" transaction-manager="transactionManager">
    	<tx:attributes>
      		<tx:method name="save" propagation="REQUIRES_NEW"/>
      		<tx:method name="merge" propagation="REQUIRED"/>
	  		<tx:method name="remove" propagation="REQUIRED"/>       
         	<tx:method name="*" propagation="SUPPORTS" read-only="true"/>
    	</tx:attributes>
  	</tx:advice>
  
    <bean id="messageSource" class="org.springframework.context.support.ResourceBundleMessageSource">
    	<property name="basenames" >
    		<array>
    			<value>message/dao/messages</value>
    			<value>message/service/messages</value>
    		</array>
    		
    	</property>
    </bean>
    
	<bean name="resourceLoad" 			class="com.fantagame.be.application.LoadResources" init-method="">
    	<property name="pathImg" 			value="classpath:img"/>
    	<property name="pathTemplateMail" 	value="classpath:mail/template"/>
    	<property name="pathLogoSquadra" 	value="classpath:img/logoSquadre"/>
    </bean>
    
    <bean name="messagePropertyUtil" class="com.fantagame.be.application.MessagePropertyUtil"/>
    <bean name="appContext" class="com.fantagame.be.application.ApplicationContextProvider"/>
	 
	<!-- DAO -->
	<bean id="andamentoDao" 	name="andamentoDao" 	class="com.fantagame.be.business.data.dao.jpa.JpaAndamentoDao" />
	<bean id="authoritiesDao"  	name="authoritiesDao"  	class="com.fantagame.be.business.data.dao.jpa.JpaAuthoritiesDao"  />
	<bean id="calendarioDao" 	name="calendarioDao" 	class="com.fantagame.be.business.data.dao.jpa.JpaCalendarioDao" />
	<bean id="classificaDao" 	name="classificaDao" 	class="com.fantagame.be.business.data.dao.jpa.JpaClassificaDao" />
	<bean id="gruppoDao"  		name="gruppoDao"  		class="com.fantagame.be.business.data.dao.jpa.JpaGruppoDao"  />
  	<bean id="personaDao" 		name="personaDao" 		class="com.fantagame.be.business.data.dao.jpa.JpaPersonaDao" />
   	<bean id="userLoginDao" 	name="userLoginDao" 	class="com.fantagame.be.business.data.dao.jpa.JpaUserLoginDao" />

	<bean id="fantaSquadraDao"  name="fantaSquadraDao"  class="com.fantagame.be.business.data.dao.jpa.squadra.JpaFantaSquadraDao"  />
	<bean id="realSqudraDao" 	name="realSqudraDao" 	class="com.fantagame.be.business.data.dao.jpa.squadra.JpaRealSqudraDao" />

	<bean id="formazioneDao" 	name="formazioneDao"  	class="com.fantagame.be.business.data.dao.jpa.squadra.rosa.JpaFormazioneDao"  />
	<bean id="giocatoreDao" 	name="giocatoreDao"  	class="com.fantagame.be.business.data.dao.jpa.squadra.rosa.JpaGiocatoreDao"  />
	<bean id="ruoloDao" 		name="ruoloDao" 		class="com.fantagame.be.business.data.dao.jpa.squadra.rosa.JpaRuoloDao" />	
	

	<!-- Service -->
<!-- 	<bean id="personaService" name="personaService" class="com.fantagame.be.business.service.PersonaService"/> -->
<!-- 	<bean name="gruppoService"  		id="gruppoService"  		class="com.fantagame.be.business.service.GruppoService"/> -->
</beans>
